{"latency":0,"level":"info","method":"OPTIONS","msg":"request processed","path":"/users","request_id":"138ce329-ffe4-11ee-afa0-040e3c95bbb1","status_code":200,"time":"2024-04-21T20:35:54+07:00"}
{"latency":124087500,"level":"info","method":"POST","msg":"request processed","path":"/users","request_id":"138e86eb-ffe4-11ee-afa0-040e3c95bbb1","status_code":201,"time":"2024-04-21T20:35:54+07:00"}
{"latency":0,"level":"info","method":"OPTIONS","msg":"request processed","path":"/users/login","request_id":"1b081723-ffe4-11ee-afa0-040e3c95bbb1","status_code":200,"time":"2024-04-21T20:36:06+07:00"}
{"latency":57770000,"level":"info","method":"POST","msg":"request processed","path":"/users/login","request_id":"1b085539-ffe4-11ee-afa0-040e3c95bbb1","status_code":200,"time":"2024-04-21T20:36:06+07:00"}
{"latency":0,"level":"info","method":"OPTIONS","msg":"request processed","path":"/transactions?search=\u0026sortBy=\u0026sort=desc\u0026limit=3\u0026page=1\u0026from=2024-04-14\u0026until=2024-04-21","request_id":"1b20a730-ffe4-11ee-afa0-040e3c95bbb1","status_code":200,"time":"2024-04-21T20:36:06+07:00"}
{"latency":0,"level":"info","method":"OPTIONS","msg":"request processed","path":"/users","request_id":"1b2102c7-ffe4-11ee-afa1-040e3c95bbb1","status_code":200,"time":"2024-04-21T20:36:06+07:00"}
{"latency":0,"level":"info","method":"OPTIONS","msg":"request processed","path":"/users","request_id":"1b2102c7-ffe4-11ee-afa2-040e3c95bbb1","status_code":200,"time":"2024-04-21T20:36:06+07:00"}
{"latency":0,"level":"info","method":"OPTIONS","msg":"request processed","path":"/transactions?search=\u0026sortBy=\u0026sort=desc\u0026limit=3\u0026page=1\u0026from=2024-04-14\u0026until=2024-04-21","request_id":"1b20ee8e-ffe4-11ee-afa1-040e3c95bbb1","status_code":200,"time":"2024-04-21T20:36:06+07:00"}
{"latency":0,"level":"info","method":"OPTIONS","msg":"request processed","path":"/users","request_id":"1b20ee8e-ffe4-11ee-afa0-040e3c95bbb1","status_code":200,"time":"2024-04-21T20:36:06+07:00"}
{"latency":19524000,"level":"info","method":"GET","msg":"request processed","path":"/transactions?search=\u0026sortBy=\u0026sort=desc\u0026limit=3\u0026page=1\u0026from=2024-04-14\u0026until=2024-04-21","request_id":"1b2155d4-ffe4-11ee-afa2-040e3c95bbb1","status_code":200,"time":"2024-04-21T20:36:06+07:00"}
{"latency":12902400,"level":"info","method":"GET","msg":"request processed","path":"/users","request_id":"1b2342ff-ffe4-11ee-afa2-040e3c95bbb1","status_code":200,"time":"2024-04-21T20:36:06+07:00"}
{"latency":2302300,"level":"info","method":"GET","msg":"request processed","path":"/transactions?search=\u0026sortBy=\u0026sort=desc\u0026limit=3\u0026page=1\u0026from=2024-04-14\u0026until=2024-04-21","request_id":"1b26dba2-ffe4-11ee-afa2-040e3c95bbb1","status_code":200,"time":"2024-04-21T20:36:06+07:00"}
{"latency":2170100,"level":"info","method":"GET","msg":"request processed","path":"/users","request_id":"1b26f482-ffe4-11ee-afa2-040e3c95bbb1","status_code":200,"time":"2024-04-21T20:36:06+07:00"}
{"latency":4203800,"level":"info","method":"GET","msg":"request processed","path":"/users","request_id":"1b296f88-ffe4-11ee-afa2-040e3c95bbb1","status_code":200,"time":"2024-04-21T20:36:06+07:00"}
{"latency":2285800,"level":"info","method":"GET","msg":"request processed","path":"/users","request_id":"1b2dd30b-ffe4-11ee-afa2-040e3c95bbb1","status_code":200,"time":"2024-04-21T20:36:06+07:00"}
{"latency":0,"level":"info","method":"OPTIONS","msg":"request processed","path":"/transactions?search=\u0026sortBy=date\u0026sort=desc\u0026limit=8\u0026page=1\u0026from=\u0026until=","request_id":"1e1b909c-ffe4-11ee-afa2-040e3c95bbb1","status_code":200,"time":"2024-04-21T20:36:11+07:00"}
{"latency":2271100,"level":"info","method":"GET","msg":"request processed","path":"/transactions?search=\u0026sortBy=date\u0026sort=desc\u0026limit=8\u0026page=1\u0026from=\u0026until=","request_id":"1e1c0abd-ffe4-11ee-afa3-040e3c95bbb1","status_code":200,"time":"2024-04-21T20:36:11+07:00"}
{"latency":0,"level":"info","method":"OPTIONS","msg":"request processed","path":"/transactions?search=\u0026sortBy=date\u0026sort=desc\u0026limit=8\u0026page=1\u0026from=\u0026until=","request_id":"1e1ba486-ffe4-11ee-afa3-040e3c95bbb1","status_code":200,"time":"2024-04-21T20:36:11+07:00"}
{"latency":1544300,"level":"info","method":"GET","msg":"request processed","path":"/users","request_id":"1e1ba486-ffe4-11ee-afa2-040e3c95bbb1","status_code":200,"time":"2024-04-21T20:36:11+07:00"}
{"latency":507400,"level":"info","method":"GET","msg":"request processed","path":"/transactions?search=\u0026sortBy=date\u0026sort=desc\u0026limit=8\u0026page=1\u0026from=\u0026until=","request_id":"1e1d8480-ffe4-11ee-afa3-040e3c95bbb1","status_code":200,"time":"2024-04-21T20:36:11+07:00"}
{"latency":1366300,"level":"info","method":"GET","msg":"request processed","path":"/users","request_id":"1e1d1a61-ffe4-11ee-afa3-040e3c95bbb1","status_code":200,"time":"2024-04-21T20:36:11+07:00"}
{"latency":0,"level":"info","method":"OPTIONS","msg":"request processed","path":"/users","request_id":"1eb59dab-ffe4-11ee-afa3-040e3c95bbb1","status_code":200,"time":"2024-04-21T20:36:12+07:00"}
{"latency":0,"level":"info","method":"OPTIONS","msg":"request processed","path":"/transactions?search=\u0026sortBy=\u0026sort=desc\u0026limit=3\u0026page=1\u0026from=2024-04-14\u0026until=2024-04-21","request_id":"1eb68f3b-ffe4-11ee-afa3-040e3c95bbb1","status_code":200,"time":"2024-04-21T20:36:12+07:00"}
{"latency":0,"level":"info","method":"OPTIONS","msg":"request processed","path":"/transactions?search=\u0026sortBy=\u0026sort=desc\u0026limit=3\u0026page=1\u0026from=2024-04-14\u0026until=2024-04-21","request_id":"1eb6eaef-ffe4-11ee-afa4-040e3c95bbb1","status_code":200,"time":"2024-04-21T20:36:12+07:00"}
{"latency":0,"level":"info","method":"OPTIONS","msg":"request processed","path":"/users","request_id":"1eb5c643-ffe4-11ee-afa3-040e3c95bbb1","status_code":200,"time":"2024-04-21T20:36:12+07:00"}
{"latency":0,"level":"info","method":"OPTIONS","msg":"request processed","path":"/users","request_id":"1eb6ff55-ffe4-11ee-afa4-040e3c95bbb1","status_code":200,"time":"2024-04-21T20:36:12+07:00"}
{"latency":0,"level":"info","method":"OPTIONS","msg":"request processed","path":"/users","request_id":"1eb6eaef-ffe4-11ee-afa3-040e3c95bbb1","status_code":200,"time":"2024-04-21T20:36:12+07:00"}
{"latency":5667800,"level":"info","method":"GET","msg":"request processed","path":"/users","request_id":"1eba9366-ffe4-11ee-afa4-040e3c95bbb1","status_code":200,"time":"2024-04-21T20:36:12+07:00"}
{"latency":7871100,"level":"info","method":"GET","msg":"request processed","path":"/transactions?search=\u0026sortBy=\u0026sort=desc\u0026limit=3\u0026page=1\u0026from=2024-04-14\u0026until=2024-04-21","request_id":"1eb9e742-ffe4-11ee-afa4-040e3c95bbb1","status_code":200,"time":"2024-04-21T20:36:12+07:00"}
{"latency":2446800,"level":"info","method":"GET","msg":"request processed","path":"/users","request_id":"1ebf9094-ffe4-11ee-afa4-040e3c95bbb1","status_code":200,"time":"2024-04-21T20:36:12+07:00"}
{"latency":1484700,"level":"info","method":"GET","msg":"request processed","path":"/transactions?search=\u0026sortBy=\u0026sort=desc\u0026limit=3\u0026page=1\u0026from=2024-04-14\u0026until=2024-04-21","request_id":"1ebfb629-ffe4-11ee-afa4-040e3c95bbb1","status_code":200,"time":"2024-04-21T20:36:12+07:00"}
{"latency":3419600,"level":"info","method":"GET","msg":"request processed","path":"/users","request_id":"1ec29529-ffe4-11ee-afa4-040e3c95bbb1","status_code":200,"time":"2024-04-21T20:36:12+07:00"}
{"latency":3676600,"level":"info","method":"GET","msg":"request processed","path":"/users","request_id":"1f6af61a-ffe4-11ee-afa4-040e3c95bbb1","status_code":200,"time":"2024-04-21T20:36:13+07:00"}
{"latency":3532500,"level":"info","method":"GET","msg":"request processed","path":"/users","request_id":"1f6c7610-ffe4-11ee-afa4-040e3c95bbb1","status_code":200,"time":"2024-04-21T20:36:14+07:00"}
{"latency":1466800,"level":"info","method":"GET","msg":"request processed","path":"/users","request_id":"1f719fd4-ffe4-11ee-afa4-040e3c95bbb1","status_code":200,"time":"2024-04-21T20:36:14+07:00"}
{"latency":2353600,"level":"info","method":"GET","msg":"request processed","path":"/transactions?search=\u0026sortBy=\u0026sort=desc\u0026limit=3\u0026page=1\u0026from=2024-04-14\u0026until=2024-04-21","request_id":"1f6ca41d-ffe4-11ee-afa4-040e3c95bbb1","status_code":200,"time":"2024-04-21T20:36:14+07:00"}
{"latency":3355300,"level":"info","method":"GET","msg":"request processed","path":"/users","request_id":"1f739e34-ffe4-11ee-afa4-040e3c95bbb1","status_code":200,"time":"2024-04-21T20:36:14+07:00"}
{"latency":1650600,"level":"info","method":"GET","msg":"request processed","path":"/transactions?search=\u0026sortBy=\u0026sort=desc\u0026limit=3\u0026page=1\u0026from=2024-04-14\u0026until=2024-04-21","request_id":"1f73e0cb-ffe4-11ee-afa4-040e3c95bbb1","status_code":200,"time":"2024-04-21T20:36:14+07:00"}
